<?xml version="1.0" encoding="UTF-8"?>
<!-- Generated by org.testng.reporters.JUnitReportReporter -->
<testsuite skipped="0" hostname="DESKTOP-9EP8MOL" name="hackthone.hackthone.verifymouseover" tests="1" failures="0" timestamp="26 Mar 2021 12:27:11 GMT" time="88.441" errors="0">
  <testcase name="login" time="88.441" classname="hackthone.hackthone.verifymouseover"/>
</testsuite> <!-- hackthone.hackthone.verifymouseover -->
