<?xml version="1.0" encoding="UTF-8"?>
<!-- Generated by org.testng.reporters.JUnitReportReporter -->
<testsuite skipped="0" hostname="DESKTOP-9EP8MOL" name="hackthone.hackthone.ValidateURL" tests="1" failures="0" timestamp="26 Mar 2021 12:27:10 GMT" time="40.273" errors="0">
  <testcase name="borkenlinks" time="40.273" classname="hackthone.hackthone.ValidateURL"/>
</testsuite> <!-- hackthone.hackthone.ValidateURL -->
