<?xml version="1.0" encoding="UTF-8"?>
<!-- Generated by org.testng.reporters.JUnitReportReporter -->
<testsuite skipped="0" hostname="DESKTOP-9EP8MOL" name="hackthone.hackthone.addproducttocart" tests="1" failures="0" timestamp="26 Mar 2021 12:27:11 GMT" time="53.685" errors="1">
  <testcase name="login" time="53.685" classname="hackthone.hackthone.addproducttocart">
    <error type="java.util.NoSuchElementException">
      <![CDATA[java.util.NoSuchElementException
	at java.util.LinkedHashMap$LinkedHashIterator.nextNode(LinkedHashMap.java:713)
	at java.util.LinkedHashMap$LinkedKeyIterator.next(LinkedHashMap.java:734)
	at hackthone.hackthone.addproducttocart.login(addproducttocart.java:33)
	at sun.reflect.NativeMethodAccessorImpl.invoke0(Native Method)
	at sun.reflect.NativeMethodAccessorImpl.invoke(NativeMethodAccessorImpl.java:62)
	at sun.reflect.DelegatingMethodAccessorImpl.invoke(DelegatingMethodAccessorImpl.java:43)
	at java.lang.reflect.Method.invoke(Method.java:497)
	at org.testng.internal.MethodInvocationHelper.invokeMethod(MethodInvocationHelper.java:108)
	at org.testng.internal.Invoker.invokeMethod(Invoker.java:661)
	at org.testng.internal.Invoker.invokeTestMethod(Invoker.java:869)
	at org.testng.internal.Invoker.invokeTestMethods(Invoker.java:1193)
	at org.testng.internal.TestMethodWorker.invokeTestMethods(TestMethodWorker.java:126)
	at org.testng.internal.TestMethodWorker.run(TestMethodWorker.java:109)
	at java.util.concurrent.ThreadPoolExecutor.runWorker(ThreadPoolExecutor.java:1142)
	at java.util.concurrent.ThreadPoolExecutor$Worker.run(ThreadPoolExecutor.java:617)
	at java.lang.Thread.run(Thread.java:745)
]]>
    </error>
  </testcase> <!-- login -->
</testsuite> <!-- hackthone.hackthone.addproducttocart -->
