<?xml version="1.0" encoding="UTF-8"?>
<!-- Generated by org.testng.reporters.JUnitReportReporter -->
<testsuite skipped="0" hostname="DESKTOP-9EP8MOL" name="hackthone.hackthone.validateinvalidecredentials" tests="1" failures="0" timestamp="26 Mar 2021 12:27:11 GMT" time="117.002" errors="0">
  <testcase name="login" time="117.002" classname="hackthone.hackthone.validateinvalidecredentials"/>
</testsuite> <!-- hackthone.hackthone.validateinvalidecredentials -->
