<?xml version="1.0" encoding="UTF-8"?>
<!-- Generated by org.testng.reporters.JUnitReportReporter -->
<testsuite skipped="0" hostname="DESKTOP-9EP8MOL" name="hackthone.hackthone.checkcategory" tests="1" failures="0" timestamp="26 Mar 2021 12:27:08 GMT" time="184.150" errors="0">
  <testcase name="login" time="184.150" classname="hackthone.hackthone.checkcategory"/>
</testsuite> <!-- hackthone.hackthone.checkcategory -->
