<?xml version="1.0" encoding="UTF-8"?>
<!-- Generated by org.testng.reporters.JUnitReportReporter -->
<testsuite skipped="0" hostname="DESKTOP-9EP8MOL" name="hackthone.hackthone.validatelaunch" tests="1" failures="0" timestamp="26 Mar 2021 12:27:11 GMT" time="54.043" errors="0">
  <testcase name="login" time="54.043" classname="hackthone.hackthone.validatelaunch"/>
</testsuite> <!-- hackthone.hackthone.validatelaunch -->
