<?xml version="1.0" encoding="UTF-8"?>
<!-- Generated by org.testng.reporters.JUnitReportReporter -->
<testsuite hostname="DESKTOP-9EP8MOL" name="hackthone.hackthone.checkcategory" tests="1" failures="0" timestamp="26 Mar 2021 08:20:15 GMT" time="44.483" errors="0">
  <testcase name="login" time="44.483" classname="hackthone.hackthone.checkcategory"/>
</testsuite> <!-- hackthone.hackthone.checkcategory -->
