<?xml version="1.0" encoding="UTF-8"?>
<!-- Generated by org.testng.reporters.JUnitReportReporter -->
<testsuite hostname="DESKTOP-9EP8MOL" name="hackthone.hackthone.windowhandle" tests="1" failures="0" timestamp="26 Mar 2021 08:38:36 GMT" time="33.147" errors="0">
  <testcase name="login" time="33.147" classname="hackthone.hackthone.windowhandle"/>
</testsuite> <!-- hackthone.hackthone.windowhandle -->
