<?xml version="1.0" encoding="UTF-8"?>
<!-- Generated by org.testng.reporters.JUnitReportReporter -->
<testsuite hostname="DESKTOP-9EP8MOL" name="hackthone.hackthone.addproducttocart" tests="1" failures="0" timestamp="26 Mar 2021 09:14:55 GMT" time="63.368" errors="0">
  <testcase name="login" time="63.368" classname="hackthone.hackthone.addproducttocart"/>
</testsuite> <!-- hackthone.hackthone.addproducttocart -->
