<?xml version="1.0" encoding="UTF-8"?>
<!-- Generated by org.testng.reporters.JUnitReportReporter -->
<testsuite hostname="DESKTOP-9EP8MOL" name="hackthone.hackthone.validatelaunch" tests="1" failures="0" timestamp="26 Mar 2021 11:25:45 GMT" time="32.844" errors="0">
  <testcase name="login" time="32.844" classname="hackthone.hackthone.validatelaunch"/>
</testsuite> <!-- hackthone.hackthone.validatelaunch -->
