<?xml version="1.0" encoding="UTF-8"?>
<!-- Generated by org.testng.reporters.JUnitReportReporter -->
<testsuite hostname="DESKTOP-9EP8MOL" name="hackthone.hackthone.validateinvalidecredentials" tests="1" failures="0" timestamp="26 Mar 2021 06:04:55 GMT" time="71.218" errors="0">
  <testcase name="login" time="71.218" classname="hackthone.hackthone.validateinvalidecredentials"/>
</testsuite> <!-- hackthone.hackthone.validateinvalidecredentials -->
