<?xml version="1.0" encoding="UTF-8"?>
<!-- Generated by org.testng.reporters.JUnitReportReporter -->
<testsuite hostname="DESKTOP-9EP8MOL" name="hackthone.hackthone.ValidateURL" tests="1" failures="0" timestamp="26 Mar 2021 05:35:13 GMT" time="43.676" errors="0">
  <testcase name="borkenlinks" time="43.676" classname="hackthone.hackthone.ValidateURL"/>
</testsuite> <!-- hackthone.hackthone.ValidateURL -->
